CRITICAL - 2022-06-01 11:49:18 --> Invalid file: editar.php
#0 C:\wamp64\www\CodeIgniterTemplate\system\View\View.php(198): CodeIgniter\Exceptions\FrameworkException::forInvalidFile('editar.php')
#1 C:\wamp64\www\CodeIgniterTemplate\system\Common.php(1089): CodeIgniter\View\View->render('editar', Array, true)
#2 C:\wamp64\www\CodeIgniterTemplate\app\Controllers\Home.php(22): view('editar')
#3 C:\wamp64\www\CodeIgniterTemplate\system\CodeIgniter.php(832): App\Controllers\Home->page('editar', 'home')
#4 C:\wamp64\www\CodeIgniterTemplate\system\CodeIgniter.php(419): CodeIgniter\CodeIgniter->runController(Object(App\Controllers\Home))
#5 C:\wamp64\www\CodeIgniterTemplate\system\CodeIgniter.php(326): CodeIgniter\CodeIgniter->handleRequest(NULL, Object(Config\Cache), false)
#6 C:\wamp64\www\CodeIgniterTemplate\public\index.php(37): CodeIgniter\CodeIgniter->run()
#7 C:\wamp64\www\CodeIgniterTemplate\system\Commands\Server\rewrite.php(43): require_once('C:\\wamp64\\www\\C...')
#8 {main}
CRITICAL - 2022-06-01 11:49:31 --> Invalid file: editar.php
#0 C:\wamp64\www\CodeIgniterTemplate\system\View\View.php(198): CodeIgniter\Exceptions\FrameworkException::forInvalidFile('editar.php')
#1 C:\wamp64\www\CodeIgniterTemplate\system\Common.php(1089): CodeIgniter\View\View->render('editar', Array, true)
#2 C:\wamp64\www\CodeIgniterTemplate\app\Controllers\Home.php(22): view('editar')
#3 C:\wamp64\www\CodeIgniterTemplate\system\CodeIgniter.php(832): App\Controllers\Home->page('editar', 'home')
#4 C:\wamp64\www\CodeIgniterTemplate\system\CodeIgniter.php(419): CodeIgniter\CodeIgniter->runController(Object(App\Controllers\Home))
#5 C:\wamp64\www\CodeIgniterTemplate\system\CodeIgniter.php(326): CodeIgniter\CodeIgniter->handleRequest(NULL, Object(Config\Cache), false)
#6 C:\wamp64\www\CodeIgniterTemplate\public\index.php(37): CodeIgniter\CodeIgniter->run()
#7 C:\wamp64\www\CodeIgniterTemplate\system\Commands\Server\rewrite.php(43): require_once('C:\\wamp64\\www\\C...')
#8 {main}
CRITICAL - 2022-06-01 11:49:36 --> Invalid file: editar.php
#0 C:\wamp64\www\CodeIgniterTemplate\system\View\View.php(198): CodeIgniter\Exceptions\FrameworkException::forInvalidFile('editar.php')
#1 C:\wamp64\www\CodeIgniterTemplate\system\Common.php(1089): CodeIgniter\View\View->render('editar', Array, true)
#2 C:\wamp64\www\CodeIgniterTemplate\app\Controllers\Home.php(22): view('editar')
#3 C:\wamp64\www\CodeIgniterTemplate\system\CodeIgniter.php(832): App\Controllers\Home->page('editar', 'home')
#4 C:\wamp64\www\CodeIgniterTemplate\system\CodeIgniter.php(419): CodeIgniter\CodeIgniter->runController(Object(App\Controllers\Home))
#5 C:\wamp64\www\CodeIgniterTemplate\system\CodeIgniter.php(326): CodeIgniter\CodeIgniter->handleRequest(NULL, Object(Config\Cache), false)
#6 C:\wamp64\www\CodeIgniterTemplate\public\index.php(37): CodeIgniter\CodeIgniter->run()
#7 C:\wamp64\www\CodeIgniterTemplate\system\Commands\Server\rewrite.php(43): require_once('C:\\wamp64\\www\\C...')
#8 {main}
CRITICAL - 2022-06-01 11:49:39 --> Invalid file: editar.php
#0 C:\wamp64\www\CodeIgniterTemplate\system\View\View.php(198): CodeIgniter\Exceptions\FrameworkException::forInvalidFile('editar.php')
#1 C:\wamp64\www\CodeIgniterTemplate\system\Common.php(1089): CodeIgniter\View\View->render('editar', Array, true)
#2 C:\wamp64\www\CodeIgniterTemplate\app\Controllers\Home.php(22): view('editar')
#3 C:\wamp64\www\CodeIgniterTemplate\system\CodeIgniter.php(832): App\Controllers\Home->page('editar', 'sobre')
#4 C:\wamp64\www\CodeIgniterTemplate\system\CodeIgniter.php(419): CodeIgniter\CodeIgniter->runController(Object(App\Controllers\Home))
#5 C:\wamp64\www\CodeIgniterTemplate\system\CodeIgniter.php(326): CodeIgniter\CodeIgniter->handleRequest(NULL, Object(Config\Cache), false)
#6 C:\wamp64\www\CodeIgniterTemplate\public\index.php(37): CodeIgniter\CodeIgniter->run()
#7 C:\wamp64\www\CodeIgniterTemplate\system\Commands\Server\rewrite.php(43): require_once('C:\\wamp64\\www\\C...')
#8 {main}
CRITICAL - 2022-06-01 11:49:40 --> Invalid file: editar.php
#0 C:\wamp64\www\CodeIgniterTemplate\system\View\View.php(198): CodeIgniter\Exceptions\FrameworkException::forInvalidFile('editar.php')
#1 C:\wamp64\www\CodeIgniterTemplate\system\Common.php(1089): CodeIgniter\View\View->render('editar', Array, true)
#2 C:\wamp64\www\CodeIgniterTemplate\app\Controllers\Home.php(22): view('editar')
#3 C:\wamp64\www\CodeIgniterTemplate\system\CodeIgniter.php(832): App\Controllers\Home->page('editar', 'home')
#4 C:\wamp64\www\CodeIgniterTemplate\system\CodeIgniter.php(419): CodeIgniter\CodeIgniter->runController(Object(App\Controllers\Home))
#5 C:\wamp64\www\CodeIgniterTemplate\system\CodeIgniter.php(326): CodeIgniter\CodeIgniter->handleRequest(NULL, Object(Config\Cache), false)
#6 C:\wamp64\www\CodeIgniterTemplate\public\index.php(37): CodeIgniter\CodeIgniter->run()
#7 C:\wamp64\www\CodeIgniterTemplate\system\Commands\Server\rewrite.php(43): require_once('C:\\wamp64\\www\\C...')
#8 {main}
CRITICAL - 2022-06-01 11:49:41 --> Invalid file: editar.php
#0 C:\wamp64\www\CodeIgniterTemplate\system\View\View.php(198): CodeIgniter\Exceptions\FrameworkException::forInvalidFile('editar.php')
#1 C:\wamp64\www\CodeIgniterTemplate\system\Common.php(1089): CodeIgniter\View\View->render('editar', Array, true)
#2 C:\wamp64\www\CodeIgniterTemplate\app\Controllers\Home.php(22): view('editar')
#3 C:\wamp64\www\CodeIgniterTemplate\system\CodeIgniter.php(832): App\Controllers\Home->page('editar', 'home')
#4 C:\wamp64\www\CodeIgniterTemplate\system\CodeIgniter.php(419): CodeIgniter\CodeIgniter->runController(Object(App\Controllers\Home))
#5 C:\wamp64\www\CodeIgniterTemplate\system\CodeIgniter.php(326): CodeIgniter\CodeIgniter->handleRequest(NULL, Object(Config\Cache), false)
#6 C:\wamp64\www\CodeIgniterTemplate\public\index.php(37): CodeIgniter\CodeIgniter->run()
#7 C:\wamp64\www\CodeIgniterTemplate\system\Commands\Server\rewrite.php(43): require_once('C:\\wamp64\\www\\C...')
#8 {main}
