CRITICAL - 2022-05-21 16:55:56 --> The framework needs the following extension(s) installed and loaded: intl.
#0 C:\xampp\htdocs\CodeIgniterTemplate\system\CodeIgniter.php(219): CodeIgniter\Exceptions\FrameworkException::forMissingExtension('intl')
#1 C:\xampp\htdocs\CodeIgniterTemplate\system\CodeIgniter.php(177): CodeIgniter\CodeIgniter->resolvePlatformExtensions()
#2 C:\xampp\htdocs\CodeIgniterTemplate\system\bootstrap.php(146): CodeIgniter\CodeIgniter->initialize()
#3 C:\xampp\htdocs\CodeIgniterTemplate\public\index.php(28): require('C:\\xampp\\htdocs...')
#4 {main}
CRITICAL - 2022-05-21 17:00:53 --> The framework needs the following extension(s) installed and loaded: intl.
#0 C:\xampp\htdocs\CodeIgniterTemplate\system\CodeIgniter.php(219): CodeIgniter\Exceptions\FrameworkException::forMissingExtension('intl')
#1 C:\xampp\htdocs\CodeIgniterTemplate\system\CodeIgniter.php(177): CodeIgniter\CodeIgniter->resolvePlatformExtensions()
#2 C:\xampp\htdocs\CodeIgniterTemplate\system\bootstrap.php(146): CodeIgniter\CodeIgniter->initialize()
#3 C:\xampp\htdocs\CodeIgniterTemplate\public\index.php(28): require('C:\\xampp\\htdocs...')
#4 {main}
CRITICAL - 2022-05-21 17:01:30 --> The framework needs the following extension(s) installed and loaded: intl.
#0 C:\xampp\htdocs\CodeIgniterTemplate\system\CodeIgniter.php(219): CodeIgniter\Exceptions\FrameworkException::forMissingExtension('intl')
#1 C:\xampp\htdocs\CodeIgniterTemplate\system\CodeIgniter.php(177): CodeIgniter\CodeIgniter->resolvePlatformExtensions()
#2 C:\xampp\htdocs\CodeIgniterTemplate\system\bootstrap.php(146): CodeIgniter\CodeIgniter->initialize()
#3 C:\xampp\htdocs\CodeIgniterTemplate\public\index.php(28): require('C:\\xampp\\htdocs...')
#4 {main}
CRITICAL - 2022-05-21 17:13:30 --> The framework needs the following extension(s) installed and loaded: intl.
#0 C:\xampp\htdocs\CodeIgniterTemplate\system\CodeIgniter.php(219): CodeIgniter\Exceptions\FrameworkException::forMissingExtension('intl')
#1 C:\xampp\htdocs\CodeIgniterTemplate\system\CodeIgniter.php(177): CodeIgniter\CodeIgniter->resolvePlatformExtensions()
#2 C:\xampp\htdocs\CodeIgniterTemplate\system\bootstrap.php(146): CodeIgniter\CodeIgniter->initialize()
#3 C:\xampp\htdocs\CodeIgniterTemplate\spark(45): require('C:\\xampp\\htdocs...')
#4 {main}
ERROR - 2022-05-21 10:19:36 --> Error connecting to the database: Unknown database 'teste'
ERROR - 2022-05-21 16:20:29 --> You have an error in your SQL syntax; check the manual that corresponds to your MariaDB server version for the right syntax to use near 'ACB9872) NOT NULL,
	CONSTRAINT `pk_tb_motos` PRIMARY KEY(`id`)
) DEFAULT CHAR...' at line 6
ERROR - 2022-05-21 16:48:15 --> Column 'nome' cannot be null
CRITICAL - 2022-05-21 16:48:15 --> Column 'nome' cannot be null
#0 C:\xampp\htdocs\CodeIgniterTemplate\system\Database\MySQLi\Connection.php(292): mysqli->query('INSERT INTO `tb...', 0)
#1 C:\xampp\htdocs\CodeIgniterTemplate\system\Database\BaseConnection.php(670): CodeIgniter\Database\MySQLi\Connection->execute('INSERT INTO `tb...')
#2 C:\xampp\htdocs\CodeIgniterTemplate\system\Database\BaseConnection.php(598): CodeIgniter\Database\BaseConnection->simpleQuery('INSERT INTO `tb...')
#3 C:\xampp\htdocs\CodeIgniterTemplate\system\Database\BaseBuilder.php(1771): CodeIgniter\Database\BaseConnection->query('INSERT INTO `tb...', Array, false)
#4 C:\xampp\htdocs\CodeIgniterTemplate\system\Model.php(239): CodeIgniter\Database\BaseBuilder->insert()
#5 C:\xampp\htdocs\CodeIgniterTemplate\system\BaseModel.php(738): CodeIgniter\Model->doInsert(Array)
#6 C:\xampp\htdocs\CodeIgniterTemplate\system\Model.php(625): CodeIgniter\BaseModel->insert(Array, false)
#7 C:\xampp\htdocs\CodeIgniterTemplate\system\BaseModel.php(658): CodeIgniter\Model->insert(Array, false)
#8 C:\xampp\htdocs\CodeIgniterTemplate\app\Controllers\Home.php(90): CodeIgniter\BaseModel->save(Array)
#9 C:\xampp\htdocs\CodeIgniterTemplate\system\CodeIgniter.php(832): App\Controllers\Home->gravar()
#10 C:\xampp\htdocs\CodeIgniterTemplate\system\CodeIgniter.php(419): CodeIgniter\CodeIgniter->runController(Object(App\Controllers\Home))
#11 C:\xampp\htdocs\CodeIgniterTemplate\system\CodeIgniter.php(326): CodeIgniter\CodeIgniter->handleRequest(NULL, Object(Config\Cache), false)
#12 C:\xampp\htdocs\CodeIgniterTemplate\public\index.php(37): CodeIgniter\CodeIgniter->run()
#13 C:\xampp\htdocs\CodeIgniterTemplate\system\Commands\Server\rewrite.php(43): require_once('C:\\xampp\\htdocs...')
#14 {main}
ERROR - 2022-05-21 16:58:16 --> Column 'nome' cannot be null
CRITICAL - 2022-05-21 16:58:16 --> Column 'nome' cannot be null
#0 C:\xampp\htdocs\CodeIgniterTemplate\system\Database\MySQLi\Connection.php(292): mysqli->query('INSERT INTO `tb...', 0)
#1 C:\xampp\htdocs\CodeIgniterTemplate\system\Database\BaseConnection.php(670): CodeIgniter\Database\MySQLi\Connection->execute('INSERT INTO `tb...')
#2 C:\xampp\htdocs\CodeIgniterTemplate\system\Database\BaseConnection.php(598): CodeIgniter\Database\BaseConnection->simpleQuery('INSERT INTO `tb...')
#3 C:\xampp\htdocs\CodeIgniterTemplate\system\Database\BaseBuilder.php(1771): CodeIgniter\Database\BaseConnection->query('INSERT INTO `tb...', Array, false)
#4 C:\xampp\htdocs\CodeIgniterTemplate\system\Model.php(239): CodeIgniter\Database\BaseBuilder->insert()
#5 C:\xampp\htdocs\CodeIgniterTemplate\system\BaseModel.php(738): CodeIgniter\Model->doInsert(Array)
#6 C:\xampp\htdocs\CodeIgniterTemplate\system\Model.php(625): CodeIgniter\BaseModel->insert(Array, false)
#7 C:\xampp\htdocs\CodeIgniterTemplate\system\BaseModel.php(658): CodeIgniter\Model->insert(Array, false)
#8 C:\xampp\htdocs\CodeIgniterTemplate\app\Controllers\Home.php(90): CodeIgniter\BaseModel->save(Array)
#9 C:\xampp\htdocs\CodeIgniterTemplate\system\CodeIgniter.php(832): App\Controllers\Home->gravar()
#10 C:\xampp\htdocs\CodeIgniterTemplate\system\CodeIgniter.php(419): CodeIgniter\CodeIgniter->runController(Object(App\Controllers\Home))
#11 C:\xampp\htdocs\CodeIgniterTemplate\system\CodeIgniter.php(326): CodeIgniter\CodeIgniter->handleRequest(NULL, Object(Config\Cache), false)
#12 C:\xampp\htdocs\CodeIgniterTemplate\public\index.php(37): CodeIgniter\CodeIgniter->run()
#13 C:\xampp\htdocs\CodeIgniterTemplate\system\Commands\Server\rewrite.php(43): require_once('C:\\xampp\\htdocs...')
#14 {main}
ERROR - 2022-05-21 16:58:36 --> Column 'nome' cannot be null
CRITICAL - 2022-05-21 16:58:36 --> Column 'nome' cannot be null
#0 C:\xampp\htdocs\CodeIgniterTemplate\system\Database\MySQLi\Connection.php(292): mysqli->query('INSERT INTO `tb...', 0)
#1 C:\xampp\htdocs\CodeIgniterTemplate\system\Database\BaseConnection.php(670): CodeIgniter\Database\MySQLi\Connection->execute('INSERT INTO `tb...')
#2 C:\xampp\htdocs\CodeIgniterTemplate\system\Database\BaseConnection.php(598): CodeIgniter\Database\BaseConnection->simpleQuery('INSERT INTO `tb...')
#3 C:\xampp\htdocs\CodeIgniterTemplate\system\Database\BaseBuilder.php(1771): CodeIgniter\Database\BaseConnection->query('INSERT INTO `tb...', Array, false)
#4 C:\xampp\htdocs\CodeIgniterTemplate\system\Model.php(239): CodeIgniter\Database\BaseBuilder->insert()
#5 C:\xampp\htdocs\CodeIgniterTemplate\system\BaseModel.php(738): CodeIgniter\Model->doInsert(Array)
#6 C:\xampp\htdocs\CodeIgniterTemplate\system\Model.php(625): CodeIgniter\BaseModel->insert(Array, false)
#7 C:\xampp\htdocs\CodeIgniterTemplate\system\BaseModel.php(658): CodeIgniter\Model->insert(Array, false)
#8 C:\xampp\htdocs\CodeIgniterTemplate\app\Controllers\Home.php(90): CodeIgniter\BaseModel->save(Array)
#9 C:\xampp\htdocs\CodeIgniterTemplate\system\CodeIgniter.php(832): App\Controllers\Home->gravar()
#10 C:\xampp\htdocs\CodeIgniterTemplate\system\CodeIgniter.php(419): CodeIgniter\CodeIgniter->runController(Object(App\Controllers\Home))
#11 C:\xampp\htdocs\CodeIgniterTemplate\system\CodeIgniter.php(326): CodeIgniter\CodeIgniter->handleRequest(NULL, Object(Config\Cache), false)
#12 C:\xampp\htdocs\CodeIgniterTemplate\public\index.php(37): CodeIgniter\CodeIgniter->run()
#13 C:\xampp\htdocs\CodeIgniterTemplate\system\Commands\Server\rewrite.php(43): require_once('C:\\xampp\\htdocs...')
#14 {main}
ERROR - 2022-05-21 16:58:45 --> Column 'profissao' cannot be null
CRITICAL - 2022-05-21 16:58:45 --> Column 'profissao' cannot be null
#0 C:\xampp\htdocs\CodeIgniterTemplate\system\Database\MySQLi\Connection.php(292): mysqli->query('INSERT INTO `tb...', 0)
#1 C:\xampp\htdocs\CodeIgniterTemplate\system\Database\BaseConnection.php(670): CodeIgniter\Database\MySQLi\Connection->execute('INSERT INTO `tb...')
#2 C:\xampp\htdocs\CodeIgniterTemplate\system\Database\BaseConnection.php(598): CodeIgniter\Database\BaseConnection->simpleQuery('INSERT INTO `tb...')
#3 C:\xampp\htdocs\CodeIgniterTemplate\system\Database\BaseBuilder.php(1771): CodeIgniter\Database\BaseConnection->query('INSERT INTO `tb...', Array, false)
#4 C:\xampp\htdocs\CodeIgniterTemplate\system\Model.php(239): CodeIgniter\Database\BaseBuilder->insert()
#5 C:\xampp\htdocs\CodeIgniterTemplate\system\BaseModel.php(738): CodeIgniter\Model->doInsert(Array)
#6 C:\xampp\htdocs\CodeIgniterTemplate\system\Model.php(625): CodeIgniter\BaseModel->insert(Array, false)
#7 C:\xampp\htdocs\CodeIgniterTemplate\system\BaseModel.php(658): CodeIgniter\Model->insert(Array, false)
#8 C:\xampp\htdocs\CodeIgniterTemplate\app\Controllers\Home.php(90): CodeIgniter\BaseModel->save(Array)
#9 C:\xampp\htdocs\CodeIgniterTemplate\system\CodeIgniter.php(832): App\Controllers\Home->gravar()
#10 C:\xampp\htdocs\CodeIgniterTemplate\system\CodeIgniter.php(419): CodeIgniter\CodeIgniter->runController(Object(App\Controllers\Home))
#11 C:\xampp\htdocs\CodeIgniterTemplate\system\CodeIgniter.php(326): CodeIgniter\CodeIgniter->handleRequest(NULL, Object(Config\Cache), false)
#12 C:\xampp\htdocs\CodeIgniterTemplate\public\index.php(37): CodeIgniter\CodeIgniter->run()
#13 C:\xampp\htdocs\CodeIgniterTemplate\system\Commands\Server\rewrite.php(43): require_once('C:\\xampp\\htdocs...')
#14 {main}
